<?xml version="1.0" encoding="UTF-8"?>
<!-- Generated by org.testng.reporters.JUnitReportReporter -->
<testsuite hostname="PD-PC" failures="0" tests="3" name="Flags.Flag3" time="0.038" errors="0" timestamp="2022-08-20T20:39:59 IST" skipped="0">
  <testcase classname="Flags.Flag3" name="loginActiTimeLogin" time="0.021"/>
  <system-out>
    <![CDATA[valid login successful]]>
  </system-out>
  <testcase classname="Flags.Flag3" name="createUserActiTimeLogin" time="0.009"/>
  <system-out>
    <![CDATA[create user  successful]]>
  </system-out>
  <testcase classname="Flags.Flag3" name="logoutActiTimeLogin" time="0.008"/>
  <system-out>
    <![CDATA[logout successful]]>
  </system-out>
</testsuite> <!-- Flags.Flag3 -->
