<?xml version="1.0" encoding="UTF-8"?>
<!-- Generated by org.testng.reporters.JUnitReportReporter -->
<testsuite hostname="PD-PC" failures="0" tests="1" name="testngFlag.NewTest" time="0.028" errors="0" timestamp="2022-08-22T15:41:05 IST" skipped="0">
  <testcase classname="testngFlag.NewTest" name="method1" time="0.028"/>
  <system-out>
    <![CDATA[before test method 1]]>
  </system-out>
</testsuite> <!-- testngFlag.NewTest -->
