<?xml version="1.0" encoding="UTF-8"?>
<!-- Generated by org.testng.reporters.JUnitReportReporter -->
<testsuite hostname="PD-PC" failures="0" tests="2" name="testngpack.Flag1" time="0.044" errors="0" timestamp="2022-08-19T15:13:35 IST" skipped="0">
  <testcase classname="testngpack.Flag1" name="invalidActiTimeTest" time="0.039"/>
  <system-out>
    <![CDATA[invalid login is performed]]>
  </system-out>
  <testcase classname="testngpack.Flag1" name="validActiTimeTest" time="0.005"/>
  <system-out>
    <![CDATA[valid login is performed]]>
  </system-out>
</testsuite> <!-- testngpack.Flag1 -->
