<?xml version="1.0" encoding="UTF-8"?>
<!-- Generated by org.testng.reporters.JUnitReportReporter -->
<testsuite hostname="PD-PC" failures="0" tests="1" name="testngpack.Remo" time="0.005" errors="0" timestamp="2022-08-22T12:02:55 IST" skipped="0">
  <testcase classname="testngpack.Remo" name="remoMethod" time="0.005"/>
  <system-out>
    <![CDATA[Remo method executed]]>
  </system-out>
</testsuite> <!-- testngpack.Remo -->
