<?xml version="1.0" encoding="UTF-8"?>
<!-- Generated by org.testng.reporters.JUnitReportReporter -->
<testsuite hostname="PD-PC" failures="0" tests="3" name="testngpack.Flag2" time="0.042" errors="0" timestamp="2022-08-19T15:20:23 IST" skipped="1">
  <testcase classname="testngpack.Flag2" name="method2" time="0.035"/>
  <system-out>
    <![CDATA[actiTime create user]]>
  </system-out>
  <testcase classname="testngpack.Flag2" name="method3" time="0.007"/>
  <system-out>
    <![CDATA[actiTime generate report]]>
  </system-out>
  <testcase classname="testngpack.Flag2" name="method1">
    <skipped/>
  </testcase> <!-- method1 -->
  <system-out/>
</testsuite> <!-- testngpack.Flag2 -->
