<?xml version="1.0" encoding="UTF-8"?>
<!-- Generated by org.testng.reporters.JUnitReportReporter -->
<testsuite hostname="PD-PC" failures="0" tests="3" name="testngpack.ActiTimeTest" time="0.043" errors="0" timestamp="2022-08-19T16:04:34 IST" skipped="0">
  <testcase classname="testngpack.ActiTimeTest" name="loginActiTimeTest" time="0.032"/>
  <system-out>
    <![CDATA[login  succesful]]>
  </system-out>
  <testcase classname="testngpack.ActiTimeTest" name="createUserActiTime" time="0.006"/>
  <system-out>
    <![CDATA[create user]]>
  </system-out>
  <testcase classname="testngpack.ActiTimeTest" name="logoutActiTime" time="0.005"/>
  <system-out>
    <![CDATA[logout successful]]>
  </system-out>
</testsuite> <!-- testngpack.ActiTimeTest -->
