<?xml version="1.0" encoding="UTF-8"?>
<!-- Generated by org.testng.reporters.JUnitReportReporter -->
<testsuite hostname="PD-PC" failures="0" tests="2" name="Flags.Flag2" time="0.034" errors="0" timestamp="2022-08-20T20:36:16 IST" skipped="1">
  <testcase classname="Flags.Flag2" name="invalidActiTimeLogin" time="0.034"/>
  <system-out>
    <![CDATA[invalid login successful]]>
  </system-out>
  <testcase classname="Flags.Flag2" name="validActiTimeLogin">
    <skipped/>
  </testcase> <!-- validActiTimeLogin -->
  <system-out/>
</testsuite> <!-- Flags.Flag2 -->
