<?xml version="1.0" encoding="UTF-8"?>
<!-- Generated by org.testng.reporters.JUnitReportReporter -->
<testsuite hostname="PD-PC" failures="0" tests="1" name="testngFlag.Class3" time="33.764" errors="0" timestamp="2022-08-23T15:46:35 IST" skipped="0">
  <testcase classname="testngFlag.Class3" name="launchGoogle1" time="33.764"/>
  <system-out/>
</testsuite> <!-- testngFlag.Class3 -->
