<?xml version="1.0" encoding="UTF-8"?>
<!-- Generated by org.testng.reporters.JUnitReportReporter -->
<testsuite hostname="PD-PC" failures="0" tests="2" name="testngpack.orangeHRMassertion" time="28.997" errors="0" timestamp="2022-08-25T15:25:18 IST" skipped="0">
  <testcase classname="testngpack.orangeHRMassertion" name="orangeHRMlogin" time="19.795"/>
  <system-out>
    <![CDATA[login title is displayed
username test box is displayed
password test box is displayed
login button is displayed]]>
  </system-out>
  <testcase classname="testngpack.orangeHRMassertion" name="f" time="9.202"/>
  <system-out/>
</testsuite> <!-- testngpack.orangeHRMassertion -->
