<?xml version="1.0" encoding="UTF-8"?>
<!-- Generated by org.testng.reporters.JUnitReportReporter -->
<testsuite hostname="PD-PC" failures="0" tests="9" name="testngpack.Flag7" time="0.106" errors="0" timestamp="2022-08-20T15:28:17 IST" skipped="0">
  <testcase classname="testngpack.Flag7" name="f" time="0.003"/>
  <system-out>
    <![CDATA[create and delete user]]>
  </system-out>
  <testcase classname="testngpack.Flag7" name="f" time="0.005"/>
  <system-out>
    <![CDATA[create and delete user]]>
  </system-out>
  <testcase classname="testngpack.Flag7" name="f" time="0.014"/>
  <system-out>
    <![CDATA[create and delete user]]>
  </system-out>
  <testcase classname="testngpack.Flag7" name="f" time="0.007"/>
  <system-out>
    <![CDATA[create and delete user]]>
  </system-out>
  <testcase classname="testngpack.Flag7" name="f" time="0.010"/>
  <system-out>
    <![CDATA[create and delete user]]>
  </system-out>
  <testcase classname="testngpack.Flag7" name="f" time="0.008"/>
  <system-out>
    <![CDATA[create and delete user]]>
  </system-out>
  <testcase classname="testngpack.Flag7" name="f" time="0.033"/>
  <system-out>
    <![CDATA[create and delete user]]>
  </system-out>
  <testcase classname="testngpack.Flag7" name="f" time="0.016"/>
  <system-out>
    <![CDATA[create and delete user]]>
  </system-out>
  <testcase classname="testngpack.Flag7" name="f" time="0.010"/>
  <system-out>
    <![CDATA[create and delete user]]>
  </system-out>
</testsuite> <!-- testngpack.Flag7 -->
