<?xml version="1.0" encoding="UTF-8"?>
<!-- Generated by org.testng.reporters.JUnitReportReporter -->
<testsuite hostname="PD-PC" failures="0" tests="1" name="testngpack.Demo" time="0.032" errors="0" timestamp="2022-08-17T15:55:21 IST" skipped="0">
  <testcase classname="testngpack.Demo" name="a" time="0.032"/>
  <system-out>
    <![CDATA[hi i'm testNG]]>
  </system-out>
</testsuite> <!-- testngpack.Demo -->
