<?xml version="1.0" encoding="UTF-8"?>
<!-- Generated by org.testng.reporters.JUnitReportReporter -->
<testsuite hostname="PD-PC" failures="0" tests="1" name="testngpack.Sumo" time="0.002" errors="0" timestamp="2022-08-22T12:02:55 IST" skipped="0">
  <testcase classname="testngpack.Sumo" name="sumoMethood" time="0.002"/>
  <system-out>
    <![CDATA[sumo method executed]]>
  </system-out>
</testsuite> <!-- testngpack.Sumo -->
