<?xml version="1.0" encoding="UTF-8"?>
<!-- Generated by org.testng.reporters.JUnitReportReporter -->
<testsuite hostname="PD-PC" failures="0" tests="3" name="testngpack.Flag4" time="0.050" errors="0" timestamp="2022-08-20T14:50:23 IST" skipped="0">
  <testcase classname="testngpack.Flag4" name="actiTimeLogin" time="0.036"/>
  <system-out>
    <![CDATA[login successfully]]>
  </system-out>
  <testcase classname="testngpack.Flag4" name="actiTimeLogout" time="0.006"/>
  <system-out>
    <![CDATA[logout successfully]]>
  </system-out>
  <testcase classname="testngpack.Flag4" name="actiTimeCreateUser" time="0.008"/>
  <system-out>
    <![CDATA[create user]]>
  </system-out>
</testsuite> <!-- testngpack.Flag4 -->
