<?xml version="1.0" encoding="UTF-8"?>
<!-- Generated by org.testng.reporters.JUnitReportReporter -->
<testsuite hostname="PD-PC" failures="0" tests="1" name="testngpack.Demo1" time="0.006" errors="0" timestamp="2022-08-19T15:01:36 IST" skipped="0">
  <testcase classname="testngpack.Demo1" name="method" time="0.006"/>
  <system-out>
    <![CDATA[method1]]>
  </system-out>
</testsuite> <!-- testngpack.Demo1 -->
