<?xml version="1.0" encoding="UTF-8"?>
<!-- Generated by org.testng.reporters.JUnitReportReporter -->
<testsuite hostname="PD-PC" failures="0" tests="1" name="testngFlag.Class4" time="24.086" errors="0" timestamp="2022-08-23T15:46:35 IST" skipped="0">
  <testcase classname="testngFlag.Class4" name="launchGoogle1" time="24.086"/>
  <system-out/>
</testsuite> <!-- testngFlag.Class4 -->
