<?xml version="1.0" encoding="UTF-8"?>
<!-- Generated by org.testng.reporters.JUnitReportReporter -->
<testsuite hostname="PD-PC" failures="0" tests="2" name="Flags.Flag1" time="0.054" errors="0" timestamp="2022-08-20T20:32:54 IST" skipped="0">
  <testcase classname="Flags.Flag1" name="invalidActiTimeLogin" time="0.047"/>
  <system-out>
    <![CDATA[invalid perform]]>
  </system-out>
  <testcase classname="Flags.Flag1" name="validActiTimeLogin" time="0.007"/>
  <system-out>
    <![CDATA[valid perform]]>
  </system-out>
</testsuite> <!-- Flags.Flag1 -->
