<?xml version="1.0" encoding="UTF-8"?>
<!-- Generated by org.testng.reporters.JUnitReportReporter -->
<testsuite hostname="PD-PC" failures="0" tests="6" name="testngpack.Flag3" time="0.069" errors="0" timestamp="2022-08-19T15:44:37 IST" skipped="0">
  <testcase classname="testngpack.Flag3" name="b" time="0.033"/>
  <system-out>
    <![CDATA[b method]]>
  </system-out>
  <testcase classname="testngpack.Flag3" name="f" time="0.006"/>
  <system-out>
    <![CDATA[f method]]>
  </system-out>
  <testcase classname="testngpack.Flag3" name="e" time="0.007"/>
  <system-out>
    <![CDATA[e method]]>
  </system-out>
  <testcase classname="testngpack.Flag3" name="d" time="0.008"/>
  <system-out>
    <![CDATA[d method]]>
  </system-out>
  <testcase classname="testngpack.Flag3" name="c" time="0.008"/>
  <system-out>
    <![CDATA[c method]]>
  </system-out>
  <testcase classname="testngpack.Flag3" name="a" time="0.007"/>
  <system-out>
    <![CDATA[a method]]>
  </system-out>
</testsuite> <!-- testngpack.Flag3 -->
