<?xml version="1.0" encoding="UTF-8"?>
<!-- Generated by org.testng.reporters.JUnitReportReporter -->
<testsuite hostname="PD-PC" failures="0" tests="5" name="testngpack.testng1" time="0.044" errors="0" timestamp="2022-08-19T14:57:16 IST" skipped="0">
  <testcase classname="testngpack.testng1" name="e" time="0.003"/>
  <system-out>
    <![CDATA[e method]]>
  </system-out>
  <testcase classname="testngpack.testng1" name="a" time="0.030"/>
  <system-out>
    <![CDATA[a method]]>
  </system-out>
  <testcase classname="testngpack.testng1" name="f" time="0.003"/>
  <system-out>
    <![CDATA[f method]]>
  </system-out>
  <testcase classname="testngpack.testng1" name="c" time="0.006"/>
  <system-out>
    <![CDATA[c method]]>
  </system-out>
  <testcase classname="testngpack.testng1" name="d" time="0.002"/>
  <system-out>
    <![CDATA[d method]]>
  </system-out>
</testsuite> <!-- testngpack.testng1 -->
