<?xml version="1.0" encoding="UTF-8"?>
<!-- Generated by org.testng.reporters.JUnitReportReporter -->
<testsuite hostname="PD-PC" failures="0" tests="1" name="testngpack.Sumo1" time="0.040" errors="0" timestamp="2022-08-19T15:01:36 IST" skipped="0">
  <testcase classname="testngpack.Sumo1" name="method3" time="0.040"/>
  <system-out>
    <![CDATA[method3]]>
  </system-out>
</testsuite> <!-- testngpack.Sumo1 -->
