<?xml version="1.0" encoding="UTF-8"?>
<!-- Generated by org.testng.reporters.JUnitReportReporter -->
<testsuite hostname="PD-PC" failures="0" tests="2" name="testngFlag.AnnotationInTestNg" time="0.037" errors="0" timestamp="2022-08-23T14:57:09 IST" skipped="0">
  <testcase classname="testngFlag.AnnotationInTestNg" name="f2" time="0.012"/>
  <system-out>
    <![CDATA[TEST CASE 2 EXECUTION]]>
  </system-out>
  <testcase classname="testngFlag.AnnotationInTestNg" name="f" time="0.025"/>
  <system-out>
    <![CDATA[TEST CASE 1 EXECUTION]]>
  </system-out>
</testsuite> <!-- testngFlag.AnnotationInTestNg -->
