<?xml version="1.0" encoding="UTF-8"?>
<!-- Generated by org.testng.reporters.JUnitReportReporter -->
<testsuite hostname="PD-PC" failures="0" tests="2" name="testngFlag.Flag1" time="0.044" errors="0" timestamp="2022-08-20T20:29:35 IST" skipped="0">
  <testcase classname="testngFlag.Flag1" name="invalidActiTimeTest" time="0.029"/>
  <system-out>
    <![CDATA[invalid login is performed]]>
  </system-out>
  <testcase classname="testngFlag.Flag1" name="validActiTimeTest" time="0.015"/>
  <system-out>
    <![CDATA[valid login is performed]]>
  </system-out>
</testsuite> <!-- testngFlag.Flag1 -->
