<?xml version="1.0" encoding="UTF-8"?>
<!-- Generated by org.testng.reporters.JUnitReportReporter -->
<testsuite hostname="PD-PC" failures="0" tests="6" name="testngFlag.Flag6" time="0.086" errors="0" timestamp="2022-08-22T12:07:31 IST" skipped="0">
  <testcase classname="testngFlag.Flag6" name="st5" time="0.007"/>
  <system-out>
    <![CDATA[smoke test case 5]]>
  </system-out>
  <testcase classname="testngFlag.Flag6" name="st3" time="0.009"/>
  <system-out>
    <![CDATA[smoke test case 3]]>
  </system-out>
  <testcase classname="testngFlag.Flag6" name="st4" time="0.028"/>
  <system-out>
    <![CDATA[smoke test case 4]]>
  </system-out>
  <testcase classname="testngFlag.Flag6" name="st1" time="0.030"/>
  <system-out>
    <![CDATA[smoke test case 1]]>
  </system-out>
  <testcase classname="testngFlag.Flag6" name="st2" time="0.005"/>
  <system-out>
    <![CDATA[smoke test case 2]]>
  </system-out>
  <testcase classname="testngFlag.Flag6" name="st6" time="0.007"/>
  <system-out>
    <![CDATA[smoke test case 6]]>
  </system-out>
</testsuite> <!-- testngFlag.Flag6 -->
