<?xml version="1.0" encoding="UTF-8"?>
<!-- Generated by org.testng.reporters.JUnitReportReporter -->
<testsuite hostname="PD-PC" failures="0" tests="1" name="testngpack.Remo1" time="0.031" errors="0" timestamp="2022-08-19T15:04:48 IST" skipped="0">
  <testcase classname="testngpack.Remo1" name="method2" time="0.031"/>
  <system-out>
    <![CDATA[method2]]>
  </system-out>
</testsuite> <!-- testngpack.Remo1 -->
