<?xml version="1.0" encoding="UTF-8"?>
<!-- Generated by org.testng.reporters.JUnitReportReporter -->
<testsuite hostname="PD-PC" failures="0" tests="3" name="Flags.Flag4" time="0.059" errors="0" timestamp="2022-08-20T20:42:52 IST" skipped="0">
  <testcase classname="Flags.Flag4" name="loginActiTime" time="0.037"/>
  <system-out>
    <![CDATA[login]]>
  </system-out>
  <testcase classname="Flags.Flag4" name="logoutActiTime" time="0.012"/>
  <system-out>
    <![CDATA[logout]]>
  </system-out>
  <testcase classname="Flags.Flag4" name="createUserActiTime" time="0.010"/>
  <system-out>
    <![CDATA[create user]]>
  </system-out>
</testsuite> <!-- Flags.Flag4 -->
