<?xml version="1.0" encoding="UTF-8"?>
<!-- Generated by org.testng.reporters.JUnitReportReporter -->
<testsuite hostname="PD-PC" failures="0" tests="2" name="testngFlag.TestActiTimeSuraj" time="26.527" errors="0" timestamp="2022-08-23T15:22:20 IST" skipped="0">
  <testcase classname="testngFlag.TestActiTimeSuraj" name="logoutActiTime" time="10.524"/>
  <system-out/>
  <testcase classname="testngFlag.TestActiTimeSuraj" name="loginActiTime" time="16.003"/>
  <system-out/>
</testsuite> <!-- testngFlag.TestActiTimeSuraj -->
