<?xml version="1.0" encoding="UTF-8"?>
<!-- Generated by org.testng.reporters.JUnitReportReporter -->
<testsuite hostname="PD-PC" failures="0" tests="2" name="testngFlag.TestMethod1" time="0.041" errors="0" timestamp="2022-08-23T15:59:22 IST" skipped="0">
  <testcase classname="testngFlag.TestMethod1" name="method1" time="0.031"/>
  <system-out>
    <![CDATA[method1 Thread[TestNG-test=Test-1,5,main]]]>
  </system-out>
  <testcase classname="testngFlag.TestMethod1" name="method2" time="0.010"/>
  <system-out>
    <![CDATA[method2 Thread[TestNG-test=Test-2,5,main]]]>
  </system-out>
</testsuite> <!-- testngFlag.TestMethod1 -->
